<?xml version="1.0" encoding="UTF-8"?>
<coverage generated="1718312728000" clover="3.2.0">
  <project timestamp="1718312728000" name="All files">
    <metrics statements="73" coveredstatements="73" conditionals="71" coveredconditionals="71" methods="32" coveredmethods="32" elements="176" coveredelements="176" complexity="0" loc="73" ncloc="73" packages="1" files="4" classes="4"/>
    <file name="canchas.js" path="C:\Users\Acer\Desktop\FIS\Cortabarria-Kalichman-Orona\src\domain\canchas.js">
      <metrics statements="22" coveredstatements="22" conditionals="21" coveredconditionals="21" methods="11" coveredmethods="11"/>
      <line num="8" count="22" type="stmt"/>
      <line num="9" count="22" type="stmt"/>
      <line num="10" count="22" type="stmt"/>
      <line num="11" count="22" type="stmt"/>
      <line num="15" count="2" type="stmt"/>
      <line num="19" count="2" type="stmt"/>
      <line num="23" count="2" type="stmt"/>
      <line num="27" count="2" type="stmt"/>
      <line num="31" count="1" type="stmt"/>
      <line num="35" count="1" type="stmt"/>
      <line num="39" count="1" type="stmt"/>
      <line num="43" count="1" type="stmt"/>
      <line num="47" count="12" type="cond" truecount="5" falsecount="0"/>
      <line num="48" count="1" type="stmt"/>
      <line num="50" count="11" type="cond" truecount="6" falsecount="0"/>
      <line num="51" count="4" type="stmt"/>
      <line num="53" count="7" type="cond" truecount="5" falsecount="0"/>
      <line num="54" count="3" type="stmt"/>
      <line num="56" count="4" type="cond" truecount="5" falsecount="0"/>
      <line num="57" count="3" type="stmt"/>
      <line num="59" count="1" type="stmt"/>
      <line num="63" count="1" type="stmt"/>
    </file>
    <file name="clientes.js" path="C:\Users\Acer\Desktop\FIS\Cortabarria-Kalichman-Orona\src\domain\clientes.js">
      <metrics statements="15" coveredstatements="15" conditionals="14" coveredconditionals="14" methods="5" coveredmethods="5"/>
      <line num="7" count="11" type="stmt"/>
      <line num="11" count="1" type="stmt"/>
      <line num="15" count="11" type="stmt"/>
      <line num="19" count="1" type="stmt"/>
      <line num="23" count="9" type="cond" truecount="5" falsecount="0"/>
      <line num="24" count="3" type="stmt"/>
      <line num="26" count="6" type="cond" truecount="5" falsecount="0"/>
      <line num="27" count="3" type="stmt"/>
      <line num="31" count="3" type="stmt"/>
      <line num="32" count="3" type="cond" truecount="2" falsecount="0"/>
      <line num="33" count="1" type="stmt"/>
      <line num="37" count="2" type="stmt"/>
      <line num="38" count="2" type="cond" truecount="2" falsecount="0"/>
      <line num="39" count="1" type="stmt"/>
      <line num="42" count="1" type="stmt"/>
    </file>
    <file name="listaReservas.js" path="C:\Users\Acer\Desktop\FIS\Cortabarria-Kalichman-Orona\src\domain\listaReservas.js">
      <metrics statements="7" coveredstatements="7" conditionals="7" coveredconditionals="7" methods="3" coveredmethods="3"/>
      <line num="4" count="7" type="stmt"/>
      <line num="7" count="6" type="cond" truecount="2" falsecount="0"/>
      <line num="8" count="1" type="stmt"/>
      <line num="10" count="5" type="cond" truecount="5" falsecount="0"/>
      <line num="11" count="1" type="stmt"/>
      <line num="13" count="4" type="stmt"/>
      <line num="17" count="3" type="stmt"/>
    </file>
    <file name="reservas.js" path="C:\Users\Acer\Desktop\FIS\Cortabarria-Kalichman-Orona\src\domain\reservas.js">
      <metrics statements="29" coveredstatements="29" conditionals="29" coveredconditionals="29" methods="13" coveredmethods="13"/>
      <line num="9" count="22" type="stmt"/>
      <line num="13" count="5" type="stmt"/>
      <line num="17" count="2" type="stmt"/>
      <line num="21" count="2" type="stmt"/>
      <line num="25" count="1" type="stmt"/>
      <line num="29" count="1" type="stmt"/>
      <line num="33" count="1" type="stmt"/>
      <line num="37" count="19" type="stmt"/>
      <line num="41" count="19" type="stmt"/>
      <line num="45" count="20" type="stmt"/>
      <line num="49" count="20" type="stmt"/>
      <line num="53" count="1" type="stmt"/>
      <line num="57" count="13" type="cond" truecount="5" falsecount="0"/>
      <line num="58" count="2" type="stmt"/>
      <line num="60" count="11" type="cond" truecount="5" falsecount="0"/>
      <line num="61" count="2" type="stmt"/>
      <line num="63" count="9" type="cond" truecount="5" falsecount="0"/>
      <line num="64" count="2" type="stmt"/>
      <line num="66" count="7" type="cond" truecount="5" falsecount="0"/>
      <line num="67" count="2" type="stmt"/>
      <line num="69" count="5" type="cond" truecount="5" falsecount="0"/>
      <line num="70" count="2" type="stmt"/>
      <line num="74" count="3" type="stmt"/>
      <line num="75" count="3" type="cond" truecount="2" falsecount="0"/>
      <line num="76" count="1" type="stmt"/>
      <line num="80" count="2" type="stmt"/>
      <line num="81" count="2" type="cond" truecount="2" falsecount="0"/>
      <line num="82" count="1" type="stmt"/>
      <line num="85" count="1" type="stmt"/>
    </file>
  </project>
</coverage>
