TN:
SF:src\domain\canchas.js
FN:7,(anonymous_0)
FN:14,(anonymous_1)
FN:18,(anonymous_2)
FN:22,(anonymous_3)
FN:26,(anonymous_4)
FN:30,(anonymous_5)
FN:49,(anonymous_6)
FNF:7
FNH:4
FNDA:21,(anonymous_0)
FNDA:1,(anonymous_1)
FNDA:0,(anonymous_2)
FNDA:0,(anonymous_3)
FNDA:0,(anonymous_4)
FNDA:18,(anonymous_5)
FNDA:1,(anonymous_6)
DA:8,21
DA:9,21
DA:10,21
DA:11,21
DA:15,1
DA:19,0
DA:23,0
DA:27,0
DA:31,18
DA:32,4
DA:34,14
DA:35,14
DA:37,0
DA:38,0
DA:40,0
DA:41,0
DA:43,0
DA:44,0
DA:46,0
DA:50,1
LF:20
LH:10
BRDA:31,0,0,4
BRDA:31,0,1,14
BRDA:31,1,0,18
BRDA:31,1,1,17
BRDA:31,1,2,16
BRDA:34,2,0,14
BRDA:34,2,1,0
BRDA:37,3,0,0
BRDA:37,3,1,0
BRDA:37,4,0,0
BRDA:37,4,1,0
BRDA:37,4,2,0
BRDA:37,4,3,0
BRDA:40,5,0,0
BRDA:40,5,1,0
BRDA:40,6,0,0
BRDA:40,6,1,0
BRDA:40,6,2,0
BRDA:43,7,0,0
BRDA:43,7,1,0
BRDA:43,8,0,0
BRDA:43,8,1,0
BRDA:43,8,2,0
BRF:23
BRH:6
end_of_record
TN:
SF:src\domain\clientes.js
FN:6,(anonymous_0)
FN:10,(anonymous_1)
FN:14,(anonymous_2)
FN:18,(anonymous_3)
FN:22,(anonymous_4)
FNF:5
FNH:5
FNDA:11,(anonymous_0)
FNDA:1,(anonymous_1)
FNDA:11,(anonymous_2)
FNDA:1,(anonymous_3)
FNDA:9,(anonymous_4)
DA:7,11
DA:11,1
DA:15,11
DA:19,1
DA:23,9
DA:24,3
DA:26,6
DA:27,3
DA:31,3
DA:32,3
DA:33,1
DA:37,2
DA:38,2
DA:39,1
DA:42,1
LF:15
LH:15
BRDA:23,0,0,3
BRDA:23,0,1,6
BRDA:23,1,0,9
BRDA:23,1,1,8
BRDA:23,1,2,7
BRDA:26,2,0,3
BRDA:26,2,1,3
BRDA:26,3,0,6
BRDA:26,3,1,5
BRDA:26,3,2,4
BRDA:32,4,0,1
BRDA:32,4,1,2
BRDA:38,5,0,1
BRDA:38,5,1,1
BRF:14
BRH:14
end_of_record
TN:
SF:src\domain\listaCanchas.js
FN:4,(anonymous_0)
FN:8,(anonymous_1)
FN:9,(anonymous_2)
FN:19,(anonymous_3)
FNF:4
FNH:3
FNDA:5,(anonymous_0)
FNDA:4,(anonymous_1)
FNDA:0,(anonymous_2)
FNDA:1,(anonymous_3)
DA:5,5
DA:9,4
DA:10,0
DA:12,4
DA:13,0
DA:15,0
DA:20,1
LF:7
LH:4
BRDA:9,0,0,0
BRDA:9,0,1,4
BRDA:12,1,0,0
BRDA:12,1,1,0
BRF:4
BRH:1
end_of_record
TN:
SF:src\domain\listaReservas.js
FN:5,(anonymous_0)
FN:9,(anonymous_1)
FN:10,(anonymous_2)
FN:18,(anonymous_3)
FNF:4
FNH:3
FNDA:5,(anonymous_0)
FNDA:3,(anonymous_1)
FNDA:0,(anonymous_2)
FNDA:1,(anonymous_3)
DA:6,5
DA:10,3
DA:11,3
DA:12,0
DA:14,0
DA:19,1
LF:6
LH:4
BRDA:11,0,0,0
BRDA:11,0,1,0
BRDA:11,1,0,3
BRDA:11,1,1,3
BRF:4
BRH:2
end_of_record
TN:
SF:src\domain\reservas.js
FN:9,(anonymous_0)
FN:13,(anonymous_1)
FN:17,(anonymous_2)
FN:21,(anonymous_3)
FN:25,(anonymous_4)
FN:29,(anonymous_5)
FN:33,(anonymous_6)
FN:37,(anonymous_7)
FN:41,(anonymous_8)
FN:45,(anonymous_9)
FN:49,(anonymous_10)
FN:53,(anonymous_11)
FN:57,(anonymous_12)
FNF:13
FNH:8
FNDA:18,(anonymous_0)
FNDA:1,(anonymous_1)
FNDA:0,(anonymous_2)
FNDA:0,(anonymous_3)
FNDA:0,(anonymous_4)
FNDA:0,(anonymous_5)
FNDA:0,(anonymous_6)
FNDA:18,(anonymous_7)
FNDA:18,(anonymous_8)
FNDA:18,(anonymous_9)
FNDA:18,(anonymous_10)
FNDA:1,(anonymous_11)
FNDA:13,(anonymous_12)
DA:10,18
DA:14,1
DA:18,0
DA:22,0
DA:26,0
DA:30,0
DA:34,0
DA:38,18
DA:42,18
DA:46,18
DA:50,18
DA:54,1
DA:58,13
DA:59,2
DA:61,11
DA:62,2
DA:64,9
DA:65,2
DA:67,7
DA:68,2
DA:70,5
DA:71,2
DA:75,3
DA:76,3
DA:77,1
DA:81,2
DA:82,2
DA:83,1
DA:86,1
LF:29
LH:24
BRDA:58,0,0,2
BRDA:58,0,1,11
BRDA:58,1,0,13
BRDA:58,1,1,13
BRDA:58,1,2,12
BRDA:61,2,0,2
BRDA:61,2,1,9
BRDA:61,3,0,11
BRDA:61,3,1,11
BRDA:61,3,2,10
BRDA:64,4,0,2
BRDA:64,4,1,7
BRDA:64,5,0,9
BRDA:64,5,1,9
BRDA:64,5,2,8
BRDA:67,6,0,2
BRDA:67,6,1,5
BRDA:67,7,0,7
BRDA:67,7,1,7
BRDA:67,7,2,6
BRDA:70,8,0,2
BRDA:70,8,1,3
BRDA:70,9,0,5
BRDA:70,9,1,5
BRDA:70,9,2,4
BRDA:76,10,0,1
BRDA:76,10,1,2
BRDA:82,11,0,1
BRDA:82,11,1,1
BRF:29
BRH:29
end_of_record
