TN:
SF:src\domain\canchas.js
FN:7,(anonymous_0)
FN:14,(anonymous_1)
FN:18,(anonymous_2)
FN:22,(anonymous_3)
FN:26,(anonymous_4)
FN:30,(anonymous_5)
FN:34,(anonymous_6)
FN:38,(anonymous_7)
FN:42,(anonymous_8)
FN:46,(anonymous_9)
FN:65,(anonymous_10)
FNF:11
FNH:4
FNDA:21,(anonymous_0)
FNDA:1,(anonymous_1)
FNDA:0,(anonymous_2)
FNDA:0,(anonymous_3)
FNDA:0,(anonymous_4)
FNDA:0,(anonymous_5)
FNDA:0,(anonymous_6)
FNDA:0,(anonymous_7)
FNDA:0,(anonymous_8)
FNDA:18,(anonymous_9)
FNDA:1,(anonymous_10)
DA:8,21
DA:9,21
DA:10,21
DA:11,21
DA:15,1
DA:19,0
DA:23,0
DA:27,0
DA:31,0
DA:35,0
DA:39,0
DA:43,0
DA:47,18
DA:48,3
DA:50,15
DA:51,15
DA:53,0
DA:54,0
DA:56,0
DA:57,0
DA:59,0
DA:60,0
DA:62,0
DA:66,1
LF:24
LH:10
BRDA:47,0,0,3
BRDA:47,0,1,15
BRDA:47,1,0,18
BRDA:47,1,1,17
BRDA:47,1,2,16
BRDA:50,2,0,15
BRDA:50,2,1,0
BRDA:53,3,0,0
BRDA:53,3,1,0
BRDA:53,4,0,0
BRDA:53,4,1,0
BRDA:53,4,2,0
BRDA:53,4,3,0
BRDA:56,5,0,0
BRDA:56,5,1,0
BRDA:56,6,0,0
BRDA:56,6,1,0
BRDA:56,6,2,0
BRDA:59,7,0,0
BRDA:59,7,1,0
BRDA:59,8,0,0
BRDA:59,8,1,0
BRDA:59,8,2,0
BRF:23
BRH:6
end_of_record
TN:
SF:src\domain\clientes.js
FN:6,(anonymous_0)
FN:10,(anonymous_1)
FN:14,(anonymous_2)
FN:18,(anonymous_3)
FN:22,(anonymous_4)
FNF:5
FNH:5
FNDA:11,(anonymous_0)
FNDA:1,(anonymous_1)
FNDA:11,(anonymous_2)
FNDA:1,(anonymous_3)
FNDA:9,(anonymous_4)
DA:7,11
DA:11,1
DA:15,11
DA:19,1
DA:23,9
DA:24,3
DA:26,6
DA:27,3
DA:31,3
DA:32,3
DA:33,1
DA:37,2
DA:38,2
DA:39,1
DA:42,1
LF:15
LH:15
BRDA:23,0,0,3
BRDA:23,0,1,6
BRDA:23,1,0,9
BRDA:23,1,1,8
BRDA:23,1,2,7
BRDA:26,2,0,3
BRDA:26,2,1,3
BRDA:26,3,0,6
BRDA:26,3,1,5
BRDA:26,3,2,4
BRDA:32,4,0,1
BRDA:32,4,1,2
BRDA:38,5,0,1
BRDA:38,5,1,1
BRF:14
BRH:14
end_of_record
TN:
SF:src\domain\listaCanchas.js
FN:6,(anonymous_0)
FN:13,(anonymous_1)
FN:19,(anonymous_2)
FNF:3
FNH:1
FNDA:4,(anonymous_0)
FNDA:0,(anonymous_1)
FNDA:0,(anonymous_2)
DA:4,4
DA:7,4
DA:8,0
DA:10,4
DA:11,0
DA:13,0
DA:14,0
DA:16,0
DA:20,0
LF:9
LH:3
BRDA:7,0,0,0
BRDA:7,0,1,4
BRDA:10,1,0,0
BRDA:10,1,1,0
BRDA:13,2,0,0
BRDA:13,2,1,0
BRF:6
BRH:1
end_of_record
TN:
SF:src\domain\listaReservas.js
FN:6,(anonymous_0)
FN:13,(anonymous_1)
FN:19,(anonymous_2)
FNF:3
FNH:3
FNDA:4,(anonymous_0)
FNDA:1,(anonymous_1)
FNDA:2,(anonymous_2)
DA:4,5
DA:7,4
DA:8,0
DA:10,4
DA:11,0
DA:13,3
DA:14,1
DA:16,2
DA:20,2
LF:9
LH:7
BRDA:7,0,0,0
BRDA:7,0,1,4
BRDA:10,1,0,0
BRDA:10,1,1,3
BRDA:13,2,0,1
BRDA:13,2,1,2
BRDA:13,3,0,1
BRDA:13,3,1,1
BRDA:13,3,2,1
BRF:9
BRH:7
end_of_record
TN:
SF:src\domain\reservas.js
FN:8,(anonymous_0)
FN:12,(anonymous_1)
FN:16,(anonymous_2)
FN:20,(anonymous_3)
FN:24,(anonymous_4)
FN:28,(anonymous_5)
FN:32,(anonymous_6)
FN:36,(anonymous_7)
FN:40,(anonymous_8)
FN:44,(anonymous_9)
FN:48,(anonymous_10)
FN:52,(anonymous_11)
FN:56,(anonymous_12)
FNF:13
FNH:13
FNDA:21,(anonymous_0)
FNDA:5,(anonymous_1)
FNDA:2,(anonymous_2)
FNDA:2,(anonymous_3)
FNDA:1,(anonymous_4)
FNDA:1,(anonymous_5)
FNDA:1,(anonymous_6)
FNDA:18,(anonymous_7)
FNDA:18,(anonymous_8)
FNDA:19,(anonymous_9)
FNDA:19,(anonymous_10)
FNDA:1,(anonymous_11)
FNDA:17,(anonymous_12)
DA:9,21
DA:13,5
DA:17,2
DA:21,2
DA:25,1
DA:29,1
DA:33,1
DA:37,18
DA:41,18
DA:45,19
DA:49,19
DA:53,1
DA:57,17
DA:58,2
DA:60,15
DA:61,3
DA:63,12
DA:64,2
DA:66,10
DA:67,2
DA:69,8
DA:70,2
DA:74,6
DA:75,6
DA:76,1
DA:80,5
DA:81,5
DA:82,1
DA:85,4
LF:29
LH:29
BRDA:57,0,0,2
BRDA:57,0,1,15
BRDA:57,1,0,17
BRDA:57,1,1,17
BRDA:57,1,2,16
BRDA:60,2,0,3
BRDA:60,2,1,12
BRDA:60,3,0,15
BRDA:60,3,1,15
BRDA:60,3,2,14
BRDA:63,4,0,2
BRDA:63,4,1,10
BRDA:63,5,0,12
BRDA:63,5,1,12
BRDA:63,5,2,11
BRDA:66,6,0,2
BRDA:66,6,1,8
BRDA:66,7,0,10
BRDA:66,7,1,10
BRDA:66,7,2,9
BRDA:69,8,0,2
BRDA:69,8,1,6
BRDA:69,9,0,8
BRDA:69,9,1,8
BRDA:69,9,2,7
BRDA:75,10,0,1
BRDA:75,10,1,5
BRDA:81,11,0,1
BRDA:81,11,1,4
BRF:29
BRH:29
end_of_record
